[36m--[0m Using CATKIN_DEVEL_PREFIX: /home/kabeer/collision_avoidance/devel/.private/col
[36m--[0m Using CMAKE_PREFIX_PATH: /home/kabeer/collision_avoidance/devel;/home/kabeer/catkin_ws/devel;/opt/ros/kinetic
[36m--[0m This workspace overlays: /home/kabeer/collision_avoidance/devel;/home/kabeer/catkin_ws/devel;/opt/ros/kinetic
[36m--[0m Using PYTHON_EXECUTABLE: /usr/bin/python
[36m--[0m Using Debian Python package layout
[36m--[0m Using empy: /usr/bin/empy
[36m--[0m Using CATKIN_ENABLE_TESTING: ON
[36m--[0m Call enable_testing()
[36m--[0m Using CATKIN_TEST_RESULTS_DIR: /home/kabeer/collision_avoidance/build/col/test_results
[36m--[0m Found gmock sources under '/usr/src/gmock': gmock will be built
[36m--[0m Found gtest sources under '/usr/src/gmock': gtests will be built
[36m--[0m Using Python nosetests: /usr/bin/nosetests-2.7
[36m--[0m catkin 0.7.14
[36m--[0m Using these message generators: gencpp;geneus;genlisp;gennodejs;genpy
[31m[1mCMake Error[0m at /home/kabeer/collision_avoidance/src/col/CMakeLists.txt:137 (add_executable):
  add_executable cannot create target "col" because another target with the
  same name already exists.  The existing target is a shared library created
  in source directory "/home/kabeer/collision_avoidance/src/col".  See
  documentation for policy CMP0002 for more details.


[36m--[0m Configuring incomplete, errors occurred!
See also "/home/kabeer/collision_avoidance/build/col/CMakeFiles/CMakeOutput.log".
See also "/home/kabeer/collision_avoidance/build/col/CMakeFiles/CMakeError.log".
Makefile:782: recipe for target 'cmake_check_build_system' failed
make: *** [cmake_check_build_system] Error 1
